[0.205s] DEBUG:colcon:Command line arguments: ['/usr/bin/colcon', 'build', '--packages-select', 'cpp_pubsub']
[0.206s] DEBUG:colcon:Parsed command line arguments: Namespace(log_base=None, log_level=None, verb_name='build', build_base='build', install_base='install', merge_install=False, symlink_install=False, test_result_base=None, continue_on_error=False, executor='parallel', parallel_workers=8, event_handlers=None, ignore_user_meta=False, metas=['./colcon.meta'], base_paths=['.'], packages_ignore=None, packages_ignore_regex=None, paths=None, packages_up_to=None, packages_up_to_regex=None, packages_above=None, packages_above_and_dependencies=None, packages_above_depth=None, packages_select_by_dep=None, packages_skip_by_dep=None, packages_skip_up_to=None, packages_select_build_failed=False, packages_skip_build_finished=False, packages_select_test_failures=False, packages_skip_test_passed=False, packages_select=['cpp_pubsub'], packages_skip=None, packages_select_regex=None, packages_skip_regex=None, packages_start=None, packages_end=None, allow_overriding=[], cmake_args=None, cmake_target=None, cmake_target_skip_unavailable=False, cmake_clean_cache=False, cmake_clean_first=False, cmake_force_configure=False, ament_cmake_args=None, catkin_cmake_args=None, catkin_skip_building_tests=False, mixin_files=None, mixin=None, verb_parser=<colcon_mixin.mixin.mixin_argument.MixinArgumentDecorator object at 0x7349590c4e00>, verb_extension=<colcon_core.verb.build.BuildVerb object at 0x7349590c4b00>, main=<bound method BuildVerb.main of <colcon_core.verb.build.BuildVerb object at 0x7349590c4b00>>, mixin_verb=('build',))
[0.267s] Level 1:colcon.colcon_core.package_discovery:discover_packages(colcon_meta) check parameters
[0.268s] Level 1:colcon.colcon_core.package_discovery:discover_packages(recursive) check parameters
[0.268s] Level 1:colcon.colcon_core.package_discovery:discover_packages(ignore) check parameters
[0.268s] Level 1:colcon.colcon_core.package_discovery:discover_packages(path) check parameters
[0.268s] Level 1:colcon.colcon_core.package_discovery:discover_packages(colcon_meta) discover
[0.268s] Level 1:colcon.colcon_core.package_discovery:discover_packages(recursive) discover
[0.268s] INFO:colcon.colcon_core.package_discovery:Crawling recursively for packages in '/home/fe/OneDrive/Università/AIRO/Robot Programming/robot_programming/in_class/ros2_ws'
[0.268s] Level 1:colcon.colcon_core.package_identification:_identify(.) by extensions ['ignore', 'ignore_ament_install']
[0.268s] Level 1:colcon.colcon_core.package_identification:_identify(.) by extension 'ignore'
[0.268s] Level 1:colcon.colcon_core.package_identification:_identify(.) by extension 'ignore_ament_install'
[0.269s] Level 1:colcon.colcon_core.package_identification:_identify(.) by extensions ['colcon_pkg']
[0.269s] Level 1:colcon.colcon_core.package_identification:_identify(.) by extension 'colcon_pkg'
[0.269s] Level 1:colcon.colcon_core.package_identification:_identify(.) by extensions ['colcon_meta']
[0.269s] Level 1:colcon.colcon_core.package_identification:_identify(.) by extension 'colcon_meta'
[0.269s] Level 1:colcon.colcon_core.package_identification:_identify(.) by extensions ['ros']
[0.269s] Level 1:colcon.colcon_core.package_identification:_identify(.) by extension 'ros'
[0.312s] Level 1:colcon.colcon_core.package_identification:_identify(.) by extensions ['cmake', 'python']
[0.312s] Level 1:colcon.colcon_core.package_identification:_identify(.) by extension 'cmake'
[0.312s] Level 1:colcon.colcon_core.package_identification:_identify(.) by extension 'python'
[0.312s] Level 1:colcon.colcon_core.package_identification:_identify(.) by extensions ['python_setup_py']
[0.312s] Level 1:colcon.colcon_core.package_identification:_identify(.) by extension 'python_setup_py'
[0.313s] Level 1:colcon.colcon_core.package_identification:_identify(build) by extensions ['ignore', 'ignore_ament_install']
[0.313s] Level 1:colcon.colcon_core.package_identification:_identify(build) by extension 'ignore'
[0.313s] Level 1:colcon.colcon_core.package_identification:_identify(build) ignored
[0.313s] Level 1:colcon.colcon_core.package_identification:_identify(install) by extensions ['ignore', 'ignore_ament_install']
[0.313s] Level 1:colcon.colcon_core.package_identification:_identify(install) by extension 'ignore'
[0.313s] Level 1:colcon.colcon_core.package_identification:_identify(install) ignored
[0.313s] Level 1:colcon.colcon_core.package_identification:_identify(log) by extensions ['ignore', 'ignore_ament_install']
[0.313s] Level 1:colcon.colcon_core.package_identification:_identify(log) by extension 'ignore'
[0.313s] Level 1:colcon.colcon_core.package_identification:_identify(log) ignored
[0.314s] Level 1:colcon.colcon_core.package_identification:_identify(src) by extensions ['ignore', 'ignore_ament_install']
[0.314s] Level 1:colcon.colcon_core.package_identification:_identify(src) by extension 'ignore'
[0.314s] Level 1:colcon.colcon_core.package_identification:_identify(src) by extension 'ignore_ament_install'
[0.314s] Level 1:colcon.colcon_core.package_identification:_identify(src) by extensions ['colcon_pkg']
[0.314s] Level 1:colcon.colcon_core.package_identification:_identify(src) by extension 'colcon_pkg'
[0.314s] Level 1:colcon.colcon_core.package_identification:_identify(src) by extensions ['colcon_meta']
[0.314s] Level 1:colcon.colcon_core.package_identification:_identify(src) by extension 'colcon_meta'
[0.314s] Level 1:colcon.colcon_core.package_identification:_identify(src) by extensions ['ros']
[0.314s] Level 1:colcon.colcon_core.package_identification:_identify(src) by extension 'ros'
[0.314s] Level 1:colcon.colcon_core.package_identification:_identify(src) by extensions ['cmake', 'python']
[0.314s] Level 1:colcon.colcon_core.package_identification:_identify(src) by extension 'cmake'
[0.314s] Level 1:colcon.colcon_core.package_identification:_identify(src) by extension 'python'
[0.315s] Level 1:colcon.colcon_core.package_identification:_identify(src) by extensions ['python_setup_py']
[0.315s] Level 1:colcon.colcon_core.package_identification:_identify(src) by extension 'python_setup_py'
[0.315s] Level 1:colcon.colcon_core.package_identification:_identify(src/cpp_pubsub) by extensions ['ignore', 'ignore_ament_install']
[0.315s] Level 1:colcon.colcon_core.package_identification:_identify(src/cpp_pubsub) by extension 'ignore'
[0.315s] Level 1:colcon.colcon_core.package_identification:_identify(src/cpp_pubsub) by extension 'ignore_ament_install'
[0.315s] Level 1:colcon.colcon_core.package_identification:_identify(src/cpp_pubsub) by extensions ['colcon_pkg']
[0.315s] Level 1:colcon.colcon_core.package_identification:_identify(src/cpp_pubsub) by extension 'colcon_pkg'
[0.315s] Level 1:colcon.colcon_core.package_identification:_identify(src/cpp_pubsub) by extensions ['colcon_meta']
[0.315s] Level 1:colcon.colcon_core.package_identification:_identify(src/cpp_pubsub) by extension 'colcon_meta'
[0.315s] Level 1:colcon.colcon_core.package_identification:_identify(src/cpp_pubsub) by extensions ['ros']
[0.315s] Level 1:colcon.colcon_core.package_identification:_identify(src/cpp_pubsub) by extension 'ros'
[0.319s] DEBUG:colcon.colcon_core.package_identification:Package 'src/cpp_pubsub' with type 'ros.ament_cmake' and name 'cpp_pubsub'
[0.319s] Level 1:colcon.colcon_core.package_discovery:discover_packages(recursive) using defaults
[0.319s] Level 1:colcon.colcon_core.package_discovery:discover_packages(ignore) discover
[0.319s] Level 1:colcon.colcon_core.package_discovery:discover_packages(ignore) using defaults
[0.319s] Level 1:colcon.colcon_core.package_discovery:discover_packages(path) discover
[0.319s] Level 1:colcon.colcon_core.package_discovery:discover_packages(path) using defaults
[0.351s] Level 1:colcon.colcon_core.package_discovery:discover_packages(prefix_path) check parameters
[0.351s] Level 1:colcon.colcon_core.package_discovery:discover_packages(prefix_path) discover
[0.356s] DEBUG:colcon.colcon_installed_package_information.package_discovery:Found 285 installed packages in /opt/ros/jazzy
[0.359s] Level 1:colcon.colcon_core.package_discovery:discover_packages(prefix_path) using defaults
[0.434s] Level 5:colcon.colcon_core.verb:set package 'cpp_pubsub' build argument 'cmake_args' from command line to 'None'
[0.434s] Level 5:colcon.colcon_core.verb:set package 'cpp_pubsub' build argument 'cmake_target' from command line to 'None'
[0.434s] Level 5:colcon.colcon_core.verb:set package 'cpp_pubsub' build argument 'cmake_target_skip_unavailable' from command line to 'False'
[0.434s] Level 5:colcon.colcon_core.verb:set package 'cpp_pubsub' build argument 'cmake_clean_cache' from command line to 'False'
[0.434s] Level 5:colcon.colcon_core.verb:set package 'cpp_pubsub' build argument 'cmake_clean_first' from command line to 'False'
[0.434s] Level 5:colcon.colcon_core.verb:set package 'cpp_pubsub' build argument 'cmake_force_configure' from command line to 'False'
[0.434s] Level 5:colcon.colcon_core.verb:set package 'cpp_pubsub' build argument 'ament_cmake_args' from command line to 'None'
[0.434s] Level 5:colcon.colcon_core.verb:set package 'cpp_pubsub' build argument 'catkin_cmake_args' from command line to 'None'
[0.434s] Level 5:colcon.colcon_core.verb:set package 'cpp_pubsub' build argument 'catkin_skip_building_tests' from command line to 'False'
[0.434s] DEBUG:colcon.colcon_core.verb:Building package 'cpp_pubsub' with the following arguments: {'ament_cmake_args': None, 'build_base': '/home/fe/OneDrive/Università/AIRO/Robot Programming/robot_programming/in_class/ros2_ws/build/cpp_pubsub', 'catkin_cmake_args': None, 'catkin_skip_building_tests': False, 'cmake_args': None, 'cmake_clean_cache': False, 'cmake_clean_first': False, 'cmake_force_configure': False, 'cmake_target': None, 'cmake_target_skip_unavailable': False, 'install_base': '/home/fe/OneDrive/Università/AIRO/Robot Programming/robot_programming/in_class/ros2_ws/install/cpp_pubsub', 'merge_install': False, 'path': '/home/fe/OneDrive/Università/AIRO/Robot Programming/robot_programming/in_class/ros2_ws/src/cpp_pubsub', 'symlink_install': False, 'test_result_base': None}
[0.434s] INFO:colcon.colcon_core.executor:Executing jobs using 'parallel' executor
[0.436s] DEBUG:colcon.colcon_parallel_executor.executor.parallel:run_until_complete
[0.436s] INFO:colcon.colcon_ros.task.ament_cmake.build:Building ROS package in '/home/fe/OneDrive/Università/AIRO/Robot Programming/robot_programming/in_class/ros2_ws/src/cpp_pubsub' with build type 'ament_cmake'
[0.436s] INFO:colcon.colcon_cmake.task.cmake.build:Building CMake package in '/home/fe/OneDrive/Università/AIRO/Robot Programming/robot_programming/in_class/ros2_ws/src/cpp_pubsub'
[0.440s] INFO:colcon.colcon_core.plugin_system:Skipping extension 'colcon_core.shell.bat': Not used on non-Windows systems
[0.441s] INFO:colcon.colcon_core.shell:Skip shell extension 'powershell' for command environment: Not usable outside of PowerShell
[0.441s] DEBUG:colcon.colcon_core.shell:Skip shell extension 'dsv' for command environment
[0.456s] DEBUG:colcon.colcon_core.event_handler.log_command:Invoking command in '/home/fe/OneDrive/Università/AIRO/Robot Programming/robot_programming/in_class/ros2_ws/build/cpp_pubsub': CMAKE_PREFIX_PATH=${CMAKE_PREFIX_PATH}:/opt/ros/jazzy DEBUGINFOD_URLS=https://debuginfod.ubuntu.com /usr/bin/cmake /home/fe/OneDrive/Università/AIRO/Robot Programming/robot_programming/in_class/ros2_ws/src/cpp_pubsub -DCMAKE_INSTALL_PREFIX=/home/fe/OneDrive/Università/AIRO/Robot Programming/robot_programming/in_class/ros2_ws/install/cpp_pubsub
[2.872s] DEBUG:colcon.colcon_core.event_handler.log_command:Invoked command in '/home/fe/OneDrive/Università/AIRO/Robot Programming/robot_programming/in_class/ros2_ws/build/cpp_pubsub' returned '0': CMAKE_PREFIX_PATH=${CMAKE_PREFIX_PATH}:/opt/ros/jazzy DEBUGINFOD_URLS=https://debuginfod.ubuntu.com /usr/bin/cmake /home/fe/OneDrive/Università/AIRO/Robot Programming/robot_programming/in_class/ros2_ws/src/cpp_pubsub -DCMAKE_INSTALL_PREFIX=/home/fe/OneDrive/Università/AIRO/Robot Programming/robot_programming/in_class/ros2_ws/install/cpp_pubsub
[2.874s] DEBUG:colcon.colcon_core.event_handler.log_command:Invoking command in '/home/fe/OneDrive/Università/AIRO/Robot Programming/robot_programming/in_class/ros2_ws/build/cpp_pubsub': CMAKE_PREFIX_PATH=${CMAKE_PREFIX_PATH}:/opt/ros/jazzy DEBUGINFOD_URLS=https://debuginfod.ubuntu.com /usr/bin/cmake --build /home/fe/OneDrive/Università/AIRO/Robot Programming/robot_programming/in_class/ros2_ws/build/cpp_pubsub -- -j8 -l8
[22.213s] DEBUG:colcon.colcon_core.event_handler.log_command:Invoked command in '/home/fe/OneDrive/Università/AIRO/Robot Programming/robot_programming/in_class/ros2_ws/build/cpp_pubsub' returned '0': CMAKE_PREFIX_PATH=${CMAKE_PREFIX_PATH}:/opt/ros/jazzy DEBUGINFOD_URLS=https://debuginfod.ubuntu.com /usr/bin/cmake --build /home/fe/OneDrive/Università/AIRO/Robot Programming/robot_programming/in_class/ros2_ws/build/cpp_pubsub -- -j8 -l8
[22.303s] DEBUG:colcon.colcon_core.event_handler.log_command:Invoking command in '/home/fe/OneDrive/Università/AIRO/Robot Programming/robot_programming/in_class/ros2_ws/build/cpp_pubsub': CMAKE_PREFIX_PATH=${CMAKE_PREFIX_PATH}:/opt/ros/jazzy DEBUGINFOD_URLS=https://debuginfod.ubuntu.com /usr/bin/cmake --install /home/fe/OneDrive/Università/AIRO/Robot Programming/robot_programming/in_class/ros2_ws/build/cpp_pubsub
[22.345s] Level 1:colcon.colcon_core.environment:create_environment_scripts_only(cpp_pubsub)
[22.346s] DEBUG:colcon.colcon_core.event_handler.log_command:Invoked command in '/home/fe/OneDrive/Università/AIRO/Robot Programming/robot_programming/in_class/ros2_ws/build/cpp_pubsub' returned '0': CMAKE_PREFIX_PATH=${CMAKE_PREFIX_PATH}:/opt/ros/jazzy DEBUGINFOD_URLS=https://debuginfod.ubuntu.com /usr/bin/cmake --install /home/fe/OneDrive/Università/AIRO/Robot Programming/robot_programming/in_class/ros2_ws/build/cpp_pubsub
[22.355s] Level 1:colcon.colcon_core.environment:checking '/home/fe/OneDrive/Università/AIRO/Robot Programming/robot_programming/in_class/ros2_ws/install/cpp_pubsub' for CMake module files
[22.357s] Level 1:colcon.colcon_core.environment:checking '/home/fe/OneDrive/Università/AIRO/Robot Programming/robot_programming/in_class/ros2_ws/install/cpp_pubsub' for CMake config files
[22.357s] Level 1:colcon.colcon_core.shell:create_environment_hook('cpp_pubsub', 'cmake_prefix_path')
[22.358s] INFO:colcon.colcon_core.shell:Creating environment hook '/home/fe/OneDrive/Università/AIRO/Robot Programming/robot_programming/in_class/ros2_ws/install/cpp_pubsub/share/cpp_pubsub/hook/cmake_prefix_path.ps1'
[22.359s] INFO:colcon.colcon_core.shell:Creating environment descriptor '/home/fe/OneDrive/Università/AIRO/Robot Programming/robot_programming/in_class/ros2_ws/install/cpp_pubsub/share/cpp_pubsub/hook/cmake_prefix_path.dsv'
[22.361s] INFO:colcon.colcon_core.shell:Creating environment hook '/home/fe/OneDrive/Università/AIRO/Robot Programming/robot_programming/in_class/ros2_ws/install/cpp_pubsub/share/cpp_pubsub/hook/cmake_prefix_path.sh'
[22.363s] Level 1:colcon.colcon_core.environment:checking '/home/fe/OneDrive/Università/AIRO/Robot Programming/robot_programming/in_class/ros2_ws/install/cpp_pubsub/lib'
[22.363s] Level 1:colcon.colcon_core.environment:checking '/home/fe/OneDrive/Università/AIRO/Robot Programming/robot_programming/in_class/ros2_ws/install/cpp_pubsub/bin'
[22.363s] Level 1:colcon.colcon_core.environment:checking '/home/fe/OneDrive/Università/AIRO/Robot Programming/robot_programming/in_class/ros2_ws/install/cpp_pubsub/lib/pkgconfig/cpp_pubsub.pc'
[22.364s] Level 1:colcon.colcon_core.environment:checking '/home/fe/OneDrive/Università/AIRO/Robot Programming/robot_programming/in_class/ros2_ws/install/cpp_pubsub/lib/python3.12/site-packages'
[22.364s] Level 1:colcon.colcon_core.environment:checking '/home/fe/OneDrive/Università/AIRO/Robot Programming/robot_programming/in_class/ros2_ws/install/cpp_pubsub/bin'
[22.365s] INFO:colcon.colcon_core.shell:Creating package script '/home/fe/OneDrive/Università/AIRO/Robot Programming/robot_programming/in_class/ros2_ws/install/cpp_pubsub/share/cpp_pubsub/package.ps1'
[22.367s] INFO:colcon.colcon_core.shell:Creating package descriptor '/home/fe/OneDrive/Università/AIRO/Robot Programming/robot_programming/in_class/ros2_ws/install/cpp_pubsub/share/cpp_pubsub/package.dsv'
[22.368s] INFO:colcon.colcon_core.shell:Creating package script '/home/fe/OneDrive/Università/AIRO/Robot Programming/robot_programming/in_class/ros2_ws/install/cpp_pubsub/share/cpp_pubsub/package.sh'
[22.370s] INFO:colcon.colcon_core.shell:Creating package script '/home/fe/OneDrive/Università/AIRO/Robot Programming/robot_programming/in_class/ros2_ws/install/cpp_pubsub/share/cpp_pubsub/package.bash'
[22.371s] INFO:colcon.colcon_core.shell:Creating package script '/home/fe/OneDrive/Università/AIRO/Robot Programming/robot_programming/in_class/ros2_ws/install/cpp_pubsub/share/cpp_pubsub/package.zsh'
[22.373s] Level 1:colcon.colcon_core.environment:create_file_with_runtime_dependencies(/home/fe/OneDrive/Università/AIRO/Robot Programming/robot_programming/in_class/ros2_ws/install/cpp_pubsub/share/colcon-core/packages/cpp_pubsub)
[22.432s] Level 1:colcon.colcon_core.environment:create_environment_scripts_only(cpp_pubsub)
[22.432s] Level 1:colcon.colcon_core.environment:checking '/home/fe/OneDrive/Università/AIRO/Robot Programming/robot_programming/in_class/ros2_ws/install/cpp_pubsub' for CMake module files
[22.433s] Level 1:colcon.colcon_core.environment:checking '/home/fe/OneDrive/Università/AIRO/Robot Programming/robot_programming/in_class/ros2_ws/install/cpp_pubsub' for CMake config files
[22.433s] Level 1:colcon.colcon_core.shell:create_environment_hook('cpp_pubsub', 'cmake_prefix_path')
[22.434s] INFO:colcon.colcon_core.shell:Creating environment hook '/home/fe/OneDrive/Università/AIRO/Robot Programming/robot_programming/in_class/ros2_ws/install/cpp_pubsub/share/cpp_pubsub/hook/cmake_prefix_path.ps1'
[22.434s] INFO:colcon.colcon_core.shell:Creating environment descriptor '/home/fe/OneDrive/Università/AIRO/Robot Programming/robot_programming/in_class/ros2_ws/install/cpp_pubsub/share/cpp_pubsub/hook/cmake_prefix_path.dsv'
[22.435s] INFO:colcon.colcon_core.shell:Creating environment hook '/home/fe/OneDrive/Università/AIRO/Robot Programming/robot_programming/in_class/ros2_ws/install/cpp_pubsub/share/cpp_pubsub/hook/cmake_prefix_path.sh'
[22.436s] Level 1:colcon.colcon_core.environment:checking '/home/fe/OneDrive/Università/AIRO/Robot Programming/robot_programming/in_class/ros2_ws/install/cpp_pubsub/lib'
[22.436s] Level 1:colcon.colcon_core.environment:checking '/home/fe/OneDrive/Università/AIRO/Robot Programming/robot_programming/in_class/ros2_ws/install/cpp_pubsub/bin'
[22.436s] Level 1:colcon.colcon_core.environment:checking '/home/fe/OneDrive/Università/AIRO/Robot Programming/robot_programming/in_class/ros2_ws/install/cpp_pubsub/lib/pkgconfig/cpp_pubsub.pc'
[22.436s] Level 1:colcon.colcon_core.environment:checking '/home/fe/OneDrive/Università/AIRO/Robot Programming/robot_programming/in_class/ros2_ws/install/cpp_pubsub/lib/python3.12/site-packages'
[22.437s] Level 1:colcon.colcon_core.environment:checking '/home/fe/OneDrive/Università/AIRO/Robot Programming/robot_programming/in_class/ros2_ws/install/cpp_pubsub/bin'
[22.437s] INFO:colcon.colcon_core.shell:Creating package script '/home/fe/OneDrive/Università/AIRO/Robot Programming/robot_programming/in_class/ros2_ws/install/cpp_pubsub/share/cpp_pubsub/package.ps1'
[22.438s] INFO:colcon.colcon_core.shell:Creating package descriptor '/home/fe/OneDrive/Università/AIRO/Robot Programming/robot_programming/in_class/ros2_ws/install/cpp_pubsub/share/cpp_pubsub/package.dsv'
[22.439s] INFO:colcon.colcon_core.shell:Creating package script '/home/fe/OneDrive/Università/AIRO/Robot Programming/robot_programming/in_class/ros2_ws/install/cpp_pubsub/share/cpp_pubsub/package.sh'
[22.439s] INFO:colcon.colcon_core.shell:Creating package script '/home/fe/OneDrive/Università/AIRO/Robot Programming/robot_programming/in_class/ros2_ws/install/cpp_pubsub/share/cpp_pubsub/package.bash'
[22.440s] INFO:colcon.colcon_core.shell:Creating package script '/home/fe/OneDrive/Università/AIRO/Robot Programming/robot_programming/in_class/ros2_ws/install/cpp_pubsub/share/cpp_pubsub/package.zsh'
[22.440s] Level 1:colcon.colcon_core.environment:create_file_with_runtime_dependencies(/home/fe/OneDrive/Università/AIRO/Robot Programming/robot_programming/in_class/ros2_ws/install/cpp_pubsub/share/colcon-core/packages/cpp_pubsub)
[22.441s] DEBUG:colcon.colcon_parallel_executor.executor.parallel:closing loop
[22.441s] DEBUG:colcon.colcon_parallel_executor.executor.parallel:loop closed
[22.441s] DEBUG:colcon.colcon_parallel_executor.executor.parallel:run_until_complete finished with '0'
[22.441s] DEBUG:colcon.colcon_core.event_reactor:joining thread
[22.456s] INFO:colcon.colcon_core.plugin_system:Skipping extension 'colcon_notification.desktop_notification.terminal_notifier': Not used on non-Darwin systems
[22.456s] INFO:colcon.colcon_core.plugin_system:Skipping extension 'colcon_notification.desktop_notification.win32': Not used on non-Windows systems
[22.456s] INFO:colcon.colcon_notification.desktop_notification:Sending desktop notification using 'notify2'
[22.504s] DEBUG:colcon.colcon_core.event_reactor:joined thread
[22.505s] INFO:colcon.colcon_core.shell:Creating prefix script '/home/fe/OneDrive/Università/AIRO/Robot Programming/robot_programming/in_class/ros2_ws/install/local_setup.ps1'
[22.507s] INFO:colcon.colcon_core.shell:Creating prefix util module '/home/fe/OneDrive/Università/AIRO/Robot Programming/robot_programming/in_class/ros2_ws/install/_local_setup_util_ps1.py'
[22.511s] INFO:colcon.colcon_core.shell:Creating prefix chain script '/home/fe/OneDrive/Università/AIRO/Robot Programming/robot_programming/in_class/ros2_ws/install/setup.ps1'
[22.513s] INFO:colcon.colcon_core.shell:Creating prefix script '/home/fe/OneDrive/Università/AIRO/Robot Programming/robot_programming/in_class/ros2_ws/install/local_setup.sh'
[22.514s] INFO:colcon.colcon_core.shell:Creating prefix util module '/home/fe/OneDrive/Università/AIRO/Robot Programming/robot_programming/in_class/ros2_ws/install/_local_setup_util_sh.py'
[22.516s] INFO:colcon.colcon_core.shell:Creating prefix chain script '/home/fe/OneDrive/Università/AIRO/Robot Programming/robot_programming/in_class/ros2_ws/install/setup.sh'
[22.518s] INFO:colcon.colcon_core.shell:Creating prefix script '/home/fe/OneDrive/Università/AIRO/Robot Programming/robot_programming/in_class/ros2_ws/install/local_setup.bash'
[22.519s] INFO:colcon.colcon_core.shell:Creating prefix chain script '/home/fe/OneDrive/Università/AIRO/Robot Programming/robot_programming/in_class/ros2_ws/install/setup.bash'
[22.521s] INFO:colcon.colcon_core.shell:Creating prefix script '/home/fe/OneDrive/Università/AIRO/Robot Programming/robot_programming/in_class/ros2_ws/install/local_setup.zsh'
[22.522s] INFO:colcon.colcon_core.shell:Creating prefix chain script '/home/fe/OneDrive/Università/AIRO/Robot Programming/robot_programming/in_class/ros2_ws/install/setup.zsh'
