[0.021s] Invoking command in '/home/fe/OneDrive/Università/AIRO/Robot Programming/robot_programming/exercises/rp_03_ros_basics/src/build/rp_simple_controller': CMAKE_PREFIX_PATH=${CMAKE_PREFIX_PATH}:/opt/ros/jazzy DEBUGINFOD_URLS=https://debuginfod.ubuntu.com /usr/bin/cmake --build /home/fe/OneDrive/Università/AIRO/Robot Programming/robot_programming/exercises/rp_03_ros_basics/src/build/rp_simple_controller -- -j8 -l8
[0.155s] [ 50%] [32mBuilding CXX object CMakeFiles/turtle_square.dir/src/turtle_square.cpp.o[0m
[17.869s] [100%] [32m[1mLinking CXX executable turtle_square[0m
[18.764s] [100%] Built target turtle_square
[18.805s] Invoked command in '/home/fe/OneDrive/Università/AIRO/Robot Programming/robot_programming/exercises/rp_03_ros_basics/src/build/rp_simple_controller' returned '0': CMAKE_PREFIX_PATH=${CMAKE_PREFIX_PATH}:/opt/ros/jazzy DEBUGINFOD_URLS=https://debuginfod.ubuntu.com /usr/bin/cmake --build /home/fe/OneDrive/Università/AIRO/Robot Programming/robot_programming/exercises/rp_03_ros_basics/src/build/rp_simple_controller -- -j8 -l8
[18.882s] Invoking command in '/home/fe/OneDrive/Università/AIRO/Robot Programming/robot_programming/exercises/rp_03_ros_basics/src/build/rp_simple_controller': CMAKE_PREFIX_PATH=${CMAKE_PREFIX_PATH}:/opt/ros/jazzy DEBUGINFOD_URLS=https://debuginfod.ubuntu.com /usr/bin/cmake --install /home/fe/OneDrive/Università/AIRO/Robot Programming/robot_programming/exercises/rp_03_ros_basics/src/build/rp_simple_controller
[18.904s] -- Install configuration: ""
[18.905s] -- Installing: /home/fe/OneDrive/Università/AIRO/Robot Programming/robot_programming/exercises/rp_03_ros_basics/src/install/rp_simple_controller/lib/rp_simple_controller/turtle_square
[18.920s] -- Set non-toolchain portion of runtime path of "/home/fe/OneDrive/Università/AIRO/Robot Programming/robot_programming/exercises/rp_03_ros_basics/src/install/rp_simple_controller/lib/rp_simple_controller/turtle_square" to ""
[18.921s] -- Up-to-date: /home/fe/OneDrive/Università/AIRO/Robot Programming/robot_programming/exercises/rp_03_ros_basics/src/install/rp_simple_controller/share/ament_index/resource_index/package_run_dependencies/rp_simple_controller
[18.921s] -- Up-to-date: /home/fe/OneDrive/Università/AIRO/Robot Programming/robot_programming/exercises/rp_03_ros_basics/src/install/rp_simple_controller/share/ament_index/resource_index/parent_prefix_path/rp_simple_controller
[18.922s] -- Up-to-date: /home/fe/OneDrive/Università/AIRO/Robot Programming/robot_programming/exercises/rp_03_ros_basics/src/install/rp_simple_controller/share/rp_simple_controller/environment/ament_prefix_path.sh
[18.922s] -- Up-to-date: /home/fe/OneDrive/Università/AIRO/Robot Programming/robot_programming/exercises/rp_03_ros_basics/src/install/rp_simple_controller/share/rp_simple_controller/environment/ament_prefix_path.dsv
[18.923s] -- Up-to-date: /home/fe/OneDrive/Università/AIRO/Robot Programming/robot_programming/exercises/rp_03_ros_basics/src/install/rp_simple_controller/share/rp_simple_controller/environment/path.sh
[18.923s] -- Up-to-date: /home/fe/OneDrive/Università/AIRO/Robot Programming/robot_programming/exercises/rp_03_ros_basics/src/install/rp_simple_controller/share/rp_simple_controller/environment/path.dsv
[18.923s] -- Up-to-date: /home/fe/OneDrive/Università/AIRO/Robot Programming/robot_programming/exercises/rp_03_ros_basics/src/install/rp_simple_controller/share/rp_simple_controller/local_setup.bash
[18.923s] -- Up-to-date: /home/fe/OneDrive/Università/AIRO/Robot Programming/robot_programming/exercises/rp_03_ros_basics/src/install/rp_simple_controller/share/rp_simple_controller/local_setup.sh
[18.924s] -- Up-to-date: /home/fe/OneDrive/Università/AIRO/Robot Programming/robot_programming/exercises/rp_03_ros_basics/src/install/rp_simple_controller/share/rp_simple_controller/local_setup.zsh
[18.924s] -- Up-to-date: /home/fe/OneDrive/Università/AIRO/Robot Programming/robot_programming/exercises/rp_03_ros_basics/src/install/rp_simple_controller/share/rp_simple_controller/local_setup.dsv
[18.924s] -- Installing: /home/fe/OneDrive/Università/AIRO/Robot Programming/robot_programming/exercises/rp_03_ros_basics/src/install/rp_simple_controller/share/rp_simple_controller/package.dsv
[18.924s] -- Up-to-date: /home/fe/OneDrive/Università/AIRO/Robot Programming/robot_programming/exercises/rp_03_ros_basics/src/install/rp_simple_controller/share/ament_index/resource_index/packages/rp_simple_controller
[18.924s] -- Up-to-date: /home/fe/OneDrive/Università/AIRO/Robot Programming/robot_programming/exercises/rp_03_ros_basics/src/install/rp_simple_controller/share/rp_simple_controller/cmake/rp_simple_controllerConfig.cmake
[18.925s] -- Up-to-date: /home/fe/OneDrive/Università/AIRO/Robot Programming/robot_programming/exercises/rp_03_ros_basics/src/install/rp_simple_controller/share/rp_simple_controller/cmake/rp_simple_controllerConfig-version.cmake
[18.925s] -- Up-to-date: /home/fe/OneDrive/Università/AIRO/Robot Programming/robot_programming/exercises/rp_03_ros_basics/src/install/rp_simple_controller/share/rp_simple_controller/package.xml
[18.927s] Invoked command in '/home/fe/OneDrive/Università/AIRO/Robot Programming/robot_programming/exercises/rp_03_ros_basics/src/build/rp_simple_controller' returned '0': CMAKE_PREFIX_PATH=${CMAKE_PREFIX_PATH}:/opt/ros/jazzy DEBUGINFOD_URLS=https://debuginfod.ubuntu.com /usr/bin/cmake --install /home/fe/OneDrive/Università/AIRO/Robot Programming/robot_programming/exercises/rp_03_ros_basics/src/build/rp_simple_controller
