[0.020s] Invoking command in '/home/fe/OneDrive/Università/AIRO/Robot Programming/robot_programming/exercises/rp_03_ros_basics/src/build/rp_simple_controller': CMAKE_PREFIX_PATH=${CMAKE_PREFIX_PATH}:/opt/ros/jazzy DEBUGINFOD_URLS=https://debuginfod.ubuntu.com /usr/bin/cmake --build /home/fe/OneDrive/Università/AIRO/Robot Programming/robot_programming/exercises/rp_03_ros_basics/src/build/rp_simple_controller -- -j8 -l8
[0.150s] [ 50%] [32mBuilding CXX object CMakeFiles/turtle_square.dir/src/turtle_square.cpp.o[0m
[15.775s] [100%] [32m[1mLinking CXX executable turtle_square[0m
[16.504s] [100%] Built target turtle_square
[16.528s] Invoked command in '/home/fe/OneDrive/Università/AIRO/Robot Programming/robot_programming/exercises/rp_03_ros_basics/src/build/rp_simple_controller' returned '0': CMAKE_PREFIX_PATH=${CMAKE_PREFIX_PATH}:/opt/ros/jazzy DEBUGINFOD_URLS=https://debuginfod.ubuntu.com /usr/bin/cmake --build /home/fe/OneDrive/Università/AIRO/Robot Programming/robot_programming/exercises/rp_03_ros_basics/src/build/rp_simple_controller -- -j8 -l8
[16.598s] Invoking command in '/home/fe/OneDrive/Università/AIRO/Robot Programming/robot_programming/exercises/rp_03_ros_basics/src/build/rp_simple_controller': CMAKE_PREFIX_PATH=${CMAKE_PREFIX_PATH}:/opt/ros/jazzy DEBUGINFOD_URLS=https://debuginfod.ubuntu.com /usr/bin/cmake --install /home/fe/OneDrive/Università/AIRO/Robot Programming/robot_programming/exercises/rp_03_ros_basics/src/build/rp_simple_controller
[16.612s] -- Install configuration: ""
[16.613s] -- Installing: /home/fe/OneDrive/Università/AIRO/Robot Programming/robot_programming/exercises/rp_03_ros_basics/src/install/rp_simple_controller/lib/rp_simple_controller/turtle_square
[16.623s] -- Set non-toolchain portion of runtime path of "/home/fe/OneDrive/Università/AIRO/Robot Programming/robot_programming/exercises/rp_03_ros_basics/src/install/rp_simple_controller/lib/rp_simple_controller/turtle_square" to ""
[16.624s] -- Installing: /home/fe/OneDrive/Università/AIRO/Robot Programming/robot_programming/exercises/rp_03_ros_basics/src/install/rp_simple_controller/share/ament_index/resource_index/package_run_dependencies/rp_simple_controller
[16.624s] -- Installing: /home/fe/OneDrive/Università/AIRO/Robot Programming/robot_programming/exercises/rp_03_ros_basics/src/install/rp_simple_controller/share/ament_index/resource_index/parent_prefix_path/rp_simple_controller
[16.624s] -- Installing: /home/fe/OneDrive/Università/AIRO/Robot Programming/robot_programming/exercises/rp_03_ros_basics/src/install/rp_simple_controller/share/rp_simple_controller/environment/ament_prefix_path.sh
[16.625s] -- Installing: /home/fe/OneDrive/Università/AIRO/Robot Programming/robot_programming/exercises/rp_03_ros_basics/src/install/rp_simple_controller/share/rp_simple_controller/environment/ament_prefix_path.dsv
[16.625s] -- Installing: /home/fe/OneDrive/Università/AIRO/Robot Programming/robot_programming/exercises/rp_03_ros_basics/src/install/rp_simple_controller/share/rp_simple_controller/environment/path.sh
[16.625s] -- Installing: /home/fe/OneDrive/Università/AIRO/Robot Programming/robot_programming/exercises/rp_03_ros_basics/src/install/rp_simple_controller/share/rp_simple_controller/environment/path.dsv
[16.625s] -- Installing: /home/fe/OneDrive/Università/AIRO/Robot Programming/robot_programming/exercises/rp_03_ros_basics/src/install/rp_simple_controller/share/rp_simple_controller/local_setup.bash
[16.626s] -- Installing: /home/fe/OneDrive/Università/AIRO/Robot Programming/robot_programming/exercises/rp_03_ros_basics/src/install/rp_simple_controller/share/rp_simple_controller/local_setup.sh
[16.626s] -- Installing: /home/fe/OneDrive/Università/AIRO/Robot Programming/robot_programming/exercises/rp_03_ros_basics/src/install/rp_simple_controller/share/rp_simple_controller/local_setup.zsh
[16.626s] -- Installing: /home/fe/OneDrive/Università/AIRO/Robot Programming/robot_programming/exercises/rp_03_ros_basics/src/install/rp_simple_controller/share/rp_simple_controller/local_setup.dsv
[16.627s] -- Installing: /home/fe/OneDrive/Università/AIRO/Robot Programming/robot_programming/exercises/rp_03_ros_basics/src/install/rp_simple_controller/share/rp_simple_controller/package.dsv
[16.627s] -- Installing: /home/fe/OneDrive/Università/AIRO/Robot Programming/robot_programming/exercises/rp_03_ros_basics/src/install/rp_simple_controller/share/ament_index/resource_index/packages/rp_simple_controller
[16.628s] -- Installing: /home/fe/OneDrive/Università/AIRO/Robot Programming/robot_programming/exercises/rp_03_ros_basics/src/install/rp_simple_controller/share/rp_simple_controller/cmake/rp_simple_controllerConfig.cmake
[16.628s] -- Installing: /home/fe/OneDrive/Università/AIRO/Robot Programming/robot_programming/exercises/rp_03_ros_basics/src/install/rp_simple_controller/share/rp_simple_controller/cmake/rp_simple_controllerConfig-version.cmake
[16.628s] -- Installing: /home/fe/OneDrive/Università/AIRO/Robot Programming/robot_programming/exercises/rp_03_ros_basics/src/install/rp_simple_controller/share/rp_simple_controller/package.xml
[16.633s] Invoked command in '/home/fe/OneDrive/Università/AIRO/Robot Programming/robot_programming/exercises/rp_03_ros_basics/src/build/rp_simple_controller' returned '0': CMAKE_PREFIX_PATH=${CMAKE_PREFIX_PATH}:/opt/ros/jazzy DEBUGINFOD_URLS=https://debuginfod.ubuntu.com /usr/bin/cmake --install /home/fe/OneDrive/Università/AIRO/Robot Programming/robot_programming/exercises/rp_03_ros_basics/src/build/rp_simple_controller
